Arguments: 
  /opt/nodejs/16.14.2/bin/node /opt/yarn/1.22.15/bin/yarn.js add ether-ts

PATH: 
  /home/codespace/.rbenv/shims:/vscode/bin/linux-x64/92d25e35d9bf1a6b16f7d0758f25d48ace11e5b9/bin/remote-cli:/home/codespace/.local/bin:/home/codespace/.rbenv/shims:/home/codespace/.nvm/current/bin:/home/codespace/.npm-global/bin:/home/codespace/.python/current/bin:/usr/local/sbin:/usr/local/bin:/usr/sbin:/usr/bin:/sbin:/bin:/home/codespace/.dotnet:/home/codespace/.dotnet/tools:/usr/local/sdkman/bin:/usr/local/sdkman/candidates/gradle/current/bin:/usr/local/sdkman/candidates/java/current/bin:/opt/maven/lts:/usr/local/go/bin:/go/bin:/usr/local/py-utils/bin:/opt/conda/condabin:/home/codespace/.java/current/bin:/home/codespace/.nodejs/current/bin:/home/codespace/.php/current/bin:/home/codespace/.ruby/current/bin:/home/codespace/.maven/current/bin:/home/codespace/.hugo/current/bin:/home/codespace/.local/bin:/opt/oryx:/opt/nodejs/lts/bin:/opt/dotnet/lts:/opt/python/latest/bin:/opt/php/lts/bin:/opt/php-composer:/opt/yarn/stable/bin:/opt/hugo/lts::/opt/java/lts/bin:/opt/maven/lts/bin:/opt/ruby/lts/bin:/usr/local/rvm/bin

Yarn version: 
  1.22.15

Node version: 
  16.14.2

Platform: 
  linux x64

Trace: 
  Error: https://registry.yarnpkg.com/ether-ts: Not found
      at Request.params.callback [as _callback] (/opt/yarn/1.22.15/lib/cli.js:67031:18)
      at Request.self.callback (/opt/yarn/1.22.15/lib/cli.js:140885:22)
      at Request.emit (node:events:526:28)
      at Request.<anonymous> (/opt/yarn/1.22.15/lib/cli.js:141857:10)
      at Request.emit (node:events:526:28)
      at IncomingMessage.<anonymous> (/opt/yarn/1.22.15/lib/cli.js:141779:12)
      at Object.onceWrapper (node:events:645:28)
      at IncomingMessage.emit (node:events:538:35)
      at endReadableNT (node:internal/streams/readable:1345:12)
      at processTicksAndRejections (node:internal/process/task_queues:83:21)

npm manifest: 
  No manifest

yarn manifest: 
  No manifest

Lockfile: 
  No lockfile
