·---------------------------------------|----------------------------|-------------|-----------------------------·
|          [90mSolc version: 0.8.8[39m          ·  [90mOptimizer enabled: false[39m  ·  [90mRuns: 200[39m  ·  [90mBlock limit: 30000000 gas[39m  │
········································|····························|·············|······························
|  [32m[1mMethods[22m[39m                              ·               [90m24 gwei/gas[39m                ·       [31m1164.71 usd/eth[39m       │
···················|····················|··············|·············|·············|···············|··············
|  [1mContract[22m        ·  [1mMethod[22m            ·  [32mMin[39m         ·  [32mMax[39m        ·  [32mAvg[39m        ·  [1m# calls[22m      ·  [1musd (avg)[22m  │
···················|····················|··············|·············|·············|···············|··············
|  [90mBasicNFT[39m        ·  approve           ·       [36m27093[39m  ·      [31m49233[39m  ·      46103  ·           [90m18[39m  ·       [32m1.29[39m  │
···················|····················|··············|·············|·············|···············|··············
|  [90mBasicNFT[39m        ·  mintNft           ·           -  ·          -  ·      91296  ·           [90m15[39m  ·       [32m2.55[39m  │
···················|····················|··············|·············|·············|···············|··············
|  [90mNFTMarketplace[39m  ·  buyItem           ·           -  ·          -  ·      89706  ·            [90m2[39m  ·       [32m2.51[39m  │
···················|····················|··············|·············|·············|···············|··············
|  [90mNFTMarketplace[39m  ·  cancelListing     ·           -  ·          -  ·      32786  ·            [90m1[39m  ·       [32m0.92[39m  │
···················|····················|··············|·············|·············|···············|··············
|  [90mNFTMarketplace[39m  ·  listItem          ·           -  ·          -  ·      78152  ·           [90m10[39m  ·       [32m2.18[39m  │
···················|····················|··············|·············|·············|···············|··············
|  [90mNFTMarketplace[39m  ·  updateListing     ·           -  ·          -  ·      38973  ·            [90m1[39m  ·       [32m1.09[39m  │
···················|····················|··············|·············|·············|···············|··············
|  [90mNFTMarketplace[39m  ·  withdrawProceeds  ·           -  ·          -  ·      28747  ·            [90m2[39m  ·       [32m0.80[39m  │
···················|····················|··············|·············|·············|···············|··············
|  [32m[1mDeployments[22m[39m                          ·                                          ·  [1m% of limit[22m   ·             │
········································|··············|·············|·············|···············|··············
|  BasicNFT                             ·           -  ·          -  ·    2037243  ·        [90m6.8 %[39m  ·      [32m56.95[39m  │
········································|··············|·············|·············|···············|··············
|  NFTMarketplace                       ·           -  ·          -  ·    1313849  ·        [90m4.4 %[39m  ·      [32m36.73[39m  │
·---------------------------------------|--------------|-------------|-------------|---------------|-------------·